{"/Users/julien/Developer/javascript/rollup-plugin-emit-ejs/src/index.ts": {"path":"/Users/julien/Developer/javascript/rollup-plugin-emit-ejs/src/index.ts","statementMap":{"0":{"start":{"line":1,"column":0},"end":{"line":1,"column":25}},"1":{"start":{"line":2,"column":0},"end":{"line":2,"column":23}},"2":{"start":{"line":3,"column":0},"end":{"line":3,"column":28}},"3":{"start":{"line":4,"column":0},"end":{"line":4,"column":40}},"4":{"start":{"line":7,"column":0},"end":{"line":108,"column":null}},"5":{"start":{"line":26,"column":17},"end":{"line":26,"column":61}},"6":{"start":{"line":28,"column":21},"end":{"line":31,"column":3}},"7":{"start":{"line":29,"column":4},"end":{"line":29,"column":null}},"8":{"start":{"line":30,"column":4},"end":{"line":30,"column":null}},"9":{"start":{"line":30,"column":37},"end":{"line":30,"column":64}},"10":{"start":{"line":33,"column":23},"end":{"line":33,"column":64}},"11":{"start":{"line":33,"column":29},"end":{"line":33,"column":64}},"12":{"start":{"line":35,"column":2},"end":{"line":35,"column":null}},"13":{"start":{"line":36,"column":2},"end":{"line":36,"column":null}},"14":{"start":{"line":38,"column":2},"end":{"line":107,"column":null}},"15":{"start":{"line":42,"column":6},"end":{"line":42,"column":null}},"16":{"start":{"line":43,"column":7},"end":{"line":45,"column":null}},"17":{"start":{"line":44,"column":7},"end":{"line":44,"column":null}},"18":{"start":{"line":50,"column":24},"end":{"line":50,"column":44}},"19":{"start":{"line":51,"column":36},"end":{"line":51,"column":38}},"20":{"start":{"line":52,"column":36},"end":{"line":52,"column":38}},"21":{"start":{"line":54,"column":22},"end":{"line":58,"column":8}},"22":{"start":{"line":54,"column":45},"end":{"line":58,"column":8}},"23":{"start":{"line":60,"column":6},"end":{"line":81,"column":null}},"24":{"start":{"line":61,"column":29},"end":{"line":63,"column":null}},"25":{"start":{"line":66,"column":8},"end":{"line":74,"column":null}},"26":{"start":{"line":67,"column":31},"end":{"line":67,"column":48}},"27":{"start":{"line":69,"column":10},"end":{"line":73,"column":null}},"28":{"start":{"line":76,"column":8},"end":{"line":80,"column":null}},"29":{"start":{"line":76,"column":63},"end":{"line":79,"column":null}},"30":{"start":{"line":83,"column":6},"end":{"line":95,"column":null}},"31":{"start":{"line":84,"column":8},"end":{"line":94,"column":null}},"32":{"start":{"line":86,"column":13},"end":{"line":86,"column":null}},"33":{"start":{"line":87,"column":12},"end":{"line":87,"column":17}},"34":{"start":{"line":89,"column":12},"end":{"line":92,"column":null}},"35":{"start":{"line":93,"column":11},"end":{"line":93,"column":16}},"36":{"start":{"line":97,"column":6},"end":{"line":105,"column":null}},"37":{"start":{"line":97,"column":46},"end":{"line":105,"column":10}},"38":{"start":{"line":98,"column":25},"end":{"line":98,"column":80}},"39":{"start":{"line":100,"column":8},"end":{"line":104,"column":null}}},"fnMap":{"0":{"name":"(anonymous_1)","decl":{"start":{"line":7,"column":15},"end":{"line":7,"column":16}},"loc":{"start":{"line":25,"column":13},"end":{"line":108,"column":1}}},"1":{"name":"(anonymous_2)","decl":{"start":{"line":28,"column":21},"end":{"line":28,"column":22}},"loc":{"start":{"line":28,"column":40},"end":{"line":31,"column":3}}},"2":{"name":"(anonymous_3)","decl":{"start":{"line":30,"column":11},"end":{"line":30,"column":12}},"loc":{"start":{"line":30,"column":37},"end":{"line":30,"column":64}}},"3":{"name":"(anonymous_4)","decl":{"start":{"line":33,"column":23},"end":{"line":33,"column":26}},"loc":{"start":{"line":33,"column":29},"end":{"line":33,"column":64}}},"4":{"name":"(anonymous_5)","decl":{"start":{"line":41,"column":4},"end":{"line":41,"column":9}},"loc":{"start":{"line":41,"column":20},"end":{"line":46,"column":5}}},"5":{"name":"(anonymous_6)","decl":{"start":{"line":43,"column":38},"end":{"line":43,"column":42}},"loc":{"start":{"line":43,"column":45},"end":{"line":45,"column":7}}},"6":{"name":"(anonymous_7)","decl":{"start":{"line":48,"column":4},"end":{"line":48,"column":9}},"loc":{"start":{"line":48,"column":57},"end":{"line":106,"column":5}}},"7":{"name":"(anonymous_8)","decl":{"start":{"line":54,"column":22},"end":{"line":54,"column":23}},"loc":{"start":{"line":54,"column":45},"end":{"line":58,"column":8}}},"8":{"name":"(anonymous_9)","decl":{"start":{"line":66,"column":17},"end":{"line":66,"column":22}},"loc":{"start":{"line":66,"column":62},"end":{"line":74,"column":9}}},"9":{"name":"(anonymous_10)","decl":{"start":{"line":76,"column":17},"end":{"line":76,"column":22}},"loc":{"start":{"line":76,"column":63},"end":{"line":79,"column":null}}},"10":{"name":"(anonymous_11)","decl":{"start":{"line":83,"column":36},"end":{"line":83,"column":40}},"loc":{"start":{"line":83,"column":43},"end":{"line":95,"column":7}}},"11":{"name":"(anonymous_12)","decl":{"start":{"line":97,"column":38},"end":{"line":97,"column":42}},"loc":{"start":{"line":97,"column":46},"end":{"line":105,"column":10}}},"12":{"name":"(anonymous_13)","decl":{"start":{"line":97,"column":47},"end":{"line":97,"column":52}},"loc":{"start":{"line":97,"column":58},"end":{"line":105,"column":7}}}},"branchMap":{"0":{"loc":{"start":{"line":9,"column":9},"end":{"line":9,"column":12}},"type":"default-arg","locations":[{"start":{"line":9,"column":9},"end":{"line":9,"column":12}}]},"1":{"loc":{"start":{"line":10,"column":12},"end":{"line":10,"column":22}},"type":"default-arg","locations":[{"start":{"line":10,"column":12},"end":{"line":10,"column":22}}]},"2":{"loc":{"start":{"line":11,"column":12},"end":{"line":11,"column":14}},"type":"default-arg","locations":[{"start":{"line":11,"column":12},"end":{"line":11,"column":14}}]},"3":{"loc":{"start":{"line":12,"column":11},"end":{"line":12,"column":20}},"type":"default-arg","locations":[{"start":{"line":12,"column":11},"end":{"line":12,"column":20}}]},"4":{"loc":{"start":{"line":13,"column":14},"end":{"line":13,"column":23}},"type":"default-arg","locations":[{"start":{"line":13,"column":14},"end":{"line":13,"column":23}}]},"5":{"loc":{"start":{"line":14,"column":9},"end":{"line":14,"column":11}},"type":"default-arg","locations":[{"start":{"line":14,"column":9},"end":{"line":14,"column":11}}]},"6":{"loc":{"start":{"line":15,"column":12},"end":{"line":15,"column":14}},"type":"default-arg","locations":[{"start":{"line":15,"column":12},"end":{"line":15,"column":14}}]},"7":{"loc":{"start":{"line":26,"column":42},"end":{"line":26,"column":49}},"type":"cond-expr","locations":[{"start":{"line":26,"column":42},"end":{"line":26,"column":49}},{"start":{"line":26,"column":52},"end":{"line":26,"column":61}}]},"8":{"loc":{"start":{"line":35,"column":26},"end":{"line":35,"column":60}},"type":"cond-expr","locations":[{"start":{"line":35,"column":26},"end":{"line":35,"column":60}},{"start":{"line":35,"column":63},"end":{"line":35,"column":65}}]},"9":{"loc":{"start":{"line":36,"column":2},"end":{"line":36,"column":8}},"type":"binary-expr","locations":[{"start":{"line":36,"column":2},"end":{"line":36,"column":8}},{"start":{"line":36,"column":12},"end":{"line":36,"column":51}}]},"10":{"loc":{"start":{"line":42,"column":6},"end":{"line":42,"column":12}},"type":"binary-expr","locations":[{"start":{"line":42,"column":6},"end":{"line":42,"column":12}},{"start":{"line":42,"column":16},"end":{"line":42,"column":41}}]},"11":{"loc":{"start":{"line":60,"column":6},"end":{"line":81,"column":null}},"type":"if","locations":[{"start":{"line":60,"column":6},"end":{"line":81,"column":null}},{"start":{"line":60,"column":6},"end":{"line":81,"column":null}}]},"12":{"loc":{"start":{"line":85,"column":10},"end":{"line":87,"column":17}},"type":"switch","locations":[{"start":{"line":85,"column":10},"end":{"line":87,"column":17}},{"start":{"line":88,"column":10},"end":{"line":93,"column":16}}]},"13":{"loc":{"start":{"line":86,"column":13},"end":{"line":86,"column":41}},"type":"binary-expr","locations":[{"start":{"line":86,"column":13},"end":{"line":86,"column":41}},{"start":{"line":86,"column":45},"end":{"line":86,"column":76}}]},"14":{"loc":{"start":{"line":90,"column":14},"end":{"line":90,"column":35}},"type":"binary-expr","locations":[{"start":{"line":90,"column":14},"end":{"line":90,"column":35}},{"start":{"line":91,"column":15},"end":{"line":91,"column":54}},{"start":{"line":92,"column":17},"end":{"line":92,"column":48}}]}},"s":{"0":1,"1":1,"2":1,"3":1,"4":1,"5":2,"6":2,"7":4,"8":4,"9":3,"10":2,"11":4,"12":2,"13":2,"14":2,"15":2,"16":2,"17":2,"18":2,"19":2,"20":2,"21":2,"22":2,"23":2,"24":1,"25":1,"26":1,"27":1,"28":1,"29":1,"30":2,"31":3,"32":2,"33":2,"34":1,"35":1,"36":2,"37":2,"38":2,"39":2},"f":{"0":2,"1":4,"2":3,"3":4,"4":2,"5":2,"6":2,"7":2,"8":1,"9":1,"10":3,"11":2,"12":2},"b":{"0":[2],"1":[1],"2":[1],"3":[1],"4":[1],"5":[0],"6":[1],"7":[1,1],"8":[1,1],"9":[2,1],"10":[2,1],"11":[1,1],"12":[2,1],"13":[2,2],"14":[1,0,1]}}
}
