TN:
SF:/Users/julien/Developer/javascript/rollup-plugin-emit-ejs/src/index.ts
FN:7,(anonymous_1)
FN:28,(anonymous_2)
FN:30,(anonymous_3)
FN:33,(anonymous_4)
FN:41,(anonymous_5)
FN:43,(anonymous_6)
FN:48,(anonymous_7)
FN:54,(anonymous_8)
FN:66,(anonymous_9)
FN:76,(anonymous_10)
FN:83,(anonymous_11)
FN:97,(anonymous_12)
FN:97,(anonymous_13)
FNF:13
FNH:13
FNDA:2,(anonymous_1)
FNDA:4,(anonymous_2)
FNDA:3,(anonymous_3)
FNDA:4,(anonymous_4)
FNDA:2,(anonymous_5)
FNDA:2,(anonymous_6)
FNDA:2,(anonymous_7)
FNDA:2,(anonymous_8)
FNDA:1,(anonymous_9)
FNDA:1,(anonymous_10)
FNDA:3,(anonymous_11)
FNDA:2,(anonymous_12)
FNDA:2,(anonymous_13)
DA:1,1
DA:2,1
DA:3,1
DA:4,1
DA:7,1
DA:26,2
DA:28,2
DA:29,4
DA:30,4
DA:33,4
DA:35,2
DA:36,2
DA:38,2
DA:42,2
DA:43,2
DA:44,2
DA:50,2
DA:51,2
DA:52,2
DA:54,2
DA:60,2
DA:61,1
DA:66,1
DA:67,1
DA:69,1
DA:76,1
DA:83,2
DA:84,3
DA:86,2
DA:87,2
DA:89,1
DA:93,1
DA:97,2
DA:98,2
DA:100,2
LF:35
LH:35
BRDA:9,0,0,2
BRDA:10,1,0,1
BRDA:11,2,0,1
BRDA:12,3,0,1
BRDA:13,4,0,1
BRDA:14,5,0,0
BRDA:15,6,0,1
BRDA:26,7,0,1
BRDA:26,7,1,1
BRDA:35,8,0,1
BRDA:35,8,1,1
BRDA:36,9,0,2
BRDA:36,9,1,1
BRDA:42,10,0,2
BRDA:42,10,1,1
BRDA:60,11,0,1
BRDA:60,11,1,1
BRDA:85,12,0,2
BRDA:85,12,1,1
BRDA:86,13,0,2
BRDA:86,13,1,2
BRDA:90,14,0,1
BRDA:90,14,1,0
BRDA:90,14,2,1
BRF:24
BRH:22
end_of_record
